~/f/a/web ❯❯❯ npm run tauri dev                                                         main

> web@0.0.0 tauri
> tauri dev

     Running BeforeDevCommand (`npm run dev`)

> web@0.0.0 dev
> vite

4:49:46 AM [vite] (client) Re-optimizing dependencies because vite config has changed

  VITE v6.4.2  ready in 534 ms

  ➜  Local:   http://localhost:3000/
  ➜  Network: http://192.168.0.187:3000/
  ➜  Network: http://192.168.0.186:3000/
     Running DevCommand (`cargo  run --no-default-features --color always --`)
        Info Watching /home/user/frontend-delez/apps/web/src-tauri for changes...
   Compiling unicode-ident v1.0.24
   Compiling quote v1.0.45
   Compiling proc-macro2 v1.0.106
   Compiling serde_core v1.0.228
   Compiling serde v1.0.228
   Compiling equivalent v1.0.2
   Compiling hashbrown v0.17.1
   Compiling smallvec v1.15.1
   Compiling libc v0.2.186
   Compiling pkg-config v0.3.33
   Compiling heck v0.5.0
   Compiling winnow v0.5.40
   Compiling target-lexicon v0.12.16
   Compiling version-compare v0.2.1
   Compiling memchr v2.8.0
   Compiling cfg-if v1.0.4
   Compiling autocfg v1.5.1
   Compiling thiserror v1.0.69
   Compiling winnow v1.0.3
   Compiling version_check v0.9.5
   Compiling siphasher v1.0.3
   Compiling itoa v1.0.18
   Compiling writeable v0.6.3
   Compiling litemap v0.8.2
   Compiling pin-project-lite v0.2.17
   Compiling utf8_iter v1.0.4
   Compiling fastrand v2.4.1
   Compiling stable_deref_trait v1.2.1
   Compiling icu_normalizer_data v2.2.0
   Compiling icu_properties_data v2.2.0
   Compiling futures-core v0.3.32
   Compiling once_cell v1.21.4
   Compiling zmij v1.0.21
   Compiling parking_lot_core v0.9.12
   Compiling log v0.4.30
   Compiling powerfmt v0.2.0
   Compiling thiserror v2.0.18
   Compiling scopeguard v1.2.0
   Compiling phf_shared v0.13.1
   Compiling num-conv v0.2.2
   Compiling slab v0.4.12
   Compiling time-core v0.1.8
   Compiling toml_writer v1.1.1+spec-1.1.0
   Compiling lock_api v0.4.14
   Compiling typeid v1.0.3
   Compiling strsim v0.11.1
   Compiling ident_case v1.0.1
   Compiling byteorder v1.5.0
   Compiling erased-serde v0.4.10
   Compiling proc-macro-error-attr v1.0.4
   Compiling getrandom v0.4.2
   Compiling unic-char-range v0.9.0
   Compiling unic-common v0.9.0
   Compiling syn v1.0.109
   Compiling regex-syntax v0.8.10
   Compiling new_debug_unreachable v1.0.6
   Compiling fnv v1.0.7
   Compiling futures-io v0.3.32
   Compiling unic-char-property v0.9.0
   Compiling phf_generator v0.13.1
   Compiling unic-ucd-version v0.9.0
   Compiling proc-macro-error v1.0.4
   Compiling precomputed-hash v0.1.1
   Compiling bytes v1.11.1
   Compiling aho-corasick v1.1.4
   Compiling serde_json v1.0.150
   Compiling alloc-no-stdlib v2.0.4
   Compiling quick-xml v0.39.4
   Compiling indexmap v2.14.0
   Compiling phf_codegen v0.13.1
   Compiling unic-ucd-ident v0.9.0
   Compiling base64 v0.22.1
   Compiling anyhow v1.0.102
   Compiling crossbeam-utils v0.8.21
   Compiling ctor-proc-macro v0.0.7
   Compiling dunce v1.0.5
   Compiling same-file v1.0.6
   Compiling futures-task v0.3.32
   Compiling dtoa v1.0.11
   Compiling percent-encoding v2.3.2
   Compiling utf-8 v0.7.6
   Compiling indexmap v1.9.3
   Compiling camino v1.2.2
   Compiling selectors v0.36.1
   Compiling alloc-stdlib v0.2.2
   Compiling walkdir v2.5.0
   Compiling glob v0.3.3
   Compiling heck v0.4.1
   Compiling tendril v0.5.0
   Compiling cfg-expr v0.15.8
   Compiling dtoa-short v0.3.5
   Compiling form_urlencoded v1.2.2
   Compiling brotli-decompressor v5.0.0
   Compiling deranged v0.5.8
   Compiling futures-channel v0.3.32
   Compiling servo_arc v0.4.3
   Compiling schemars v0.8.22
   Compiling rustc-hash v2.1.2
   Compiling bitflags v2.11.1
   Compiling ctor v0.8.0
   Compiling hashbrown v0.12.3
   Compiling bit-vec v0.8.0
   Compiling dyn-clone v1.0.20
   Compiling foldhash v0.2.0
   Compiling gio v0.18.4
   Compiling option-ext v0.2.0
   Compiling memoffset v0.9.1
   Compiling find-msvc-tools v0.1.9
   Compiling shlex v1.3.0
   Compiling winnow v0.7.15
   Compiling gtk v0.18.2
   Compiling simd-adler32 v0.3.9
   Compiling bitflags v1.3.2
   Compiling crc32fast v1.5.0
   Compiling rustix v1.1.4
   Compiling bit-set v0.8.0
   Compiling http v1.4.1
   Compiling adler2 v2.0.1
   Compiling cc v1.2.62
   Compiling parking v2.2.1
   Compiling generic-array v0.14.7
   Compiling linux-raw-sys v0.12.1
   Compiling x11 v2.21.0
   Compiling time-macros v0.2.27
   Compiling miniz_oxide v0.8.9
   Compiling fdeflate v0.3.7
   Compiling typenum v1.20.0
   Compiling x11-dl v2.21.0
   Compiling libdbus-sys v0.2.7
   Compiling concurrent-queue v2.5.0
   Compiling crossbeam-channel v0.5.15
   Compiling toml_parser v1.1.2+spec-1.1.0
   Compiling num-traits v0.2.19
   Compiling cookie v0.18.1
   Compiling getrandom v0.3.4
   Compiling syn v2.0.117
   Compiling string_cache_codegen v0.6.1
   Compiling event-listener v5.4.1
   Compiling unicode-segmentation v1.13.2
   Compiling raw-window-handle v0.6.2
   Compiling futures-lite v2.6.1
   Compiling libloading v0.7.4
   Compiling brotli v8.0.2
   Compiling flate2 v1.1.9
   Compiling event-listener-strategy v0.5.4
   Compiling semver v1.0.28
   Compiling endi v1.1.1
   Compiling wry v0.55.1
   Compiling tauri-runtime v2.11.2
   Compiling cpufeatures v0.2.17
   Compiling async-io v2.6.0
   Compiling tauri-runtime-wry v2.11.2
   Compiling web_atoms v0.2.4
   Compiling time v0.3.47
   Compiling async-task v4.7.1
   Compiling bytemuck v1.25.0
   Compiling byteorder-lite v0.1.0
   Compiling dirs-sys v0.5.0
   Compiling errno v0.3.14
   Compiling png v0.17.16
   Compiling dirs v6.0.0
   Compiling signal-hook-registry v1.4.8
   Compiling parking_lot v0.12.5
   Compiling dbus v0.9.11
   Compiling zerocopy v0.8.49
   Compiling async-channel v2.5.0
   Compiling tokio v1.52.3
   Compiling signal-hook v0.3.18
   Compiling mime v0.3.17
   Compiling atomic-waker v1.1.2
   Compiling regex-automata v0.4.14
   Compiling string_cache v0.9.0
   Compiling pxfm v0.1.25
   Compiling piper v0.2.5
   Compiling async-lock v3.4.2
   Compiling tracing-core v0.1.36
   Compiling async-executor v1.14.0
   Compiling blocking v1.6.2
   Compiling rand_core v0.9.5
   Compiling os_pipe v1.2.3
   Compiling async-broadcast v0.7.2
   Compiling is-docker v0.2.0
   Compiling ordered-stream v0.2.0
   Compiling hex v0.4.3
   Compiling x11rb-protocol v0.13.2
   Compiling sigchld v0.2.4
   Compiling is-wsl v0.4.0
   Compiling xkeysym v0.2.1
   Compiling pathdiff v0.2.3
   Compiling crypto-common v0.1.7
   Compiling block-buffer v0.10.4
   Compiling shared_child v1.1.1
   Compiling open v5.3.5
   Compiling encoding_rs v0.8.35
   Compiling digest v0.10.7
   Compiling ico v0.5.0
   Compiling sha2 v0.10.9
   Compiling uuid v1.23.1
   Compiling serde_spanned v1.1.1
   Compiling toml_datetime v1.1.1+spec-1.1.0
   Compiling toml_datetime v0.7.5+spec-1.1.0
   Compiling png v0.18.1
   Compiling toml v1.1.2+spec-1.1.0
   Compiling toml_edit v0.25.11+spec-1.1.0
   Compiling cfb v0.7.3
   Compiling rustc_version v0.4.1
   Compiling toml v0.9.12+spec-1.1.0
   Compiling field-offset v0.3.6
   Compiling serde-untagged v0.1.9
   Compiling proc-macro-crate v3.5.0
   Compiling infer v0.19.0
   Compiling embed-resource v3.0.9
   Compiling tauri-winres v0.3.6
   Compiling regex v1.12.3
   Compiling moxcms v0.7.9
   Compiling synstructure v0.13.2
   Compiling darling_core v0.23.0
   Compiling serde_derive_internals v0.29.1
   Compiling serde_derive v1.0.228
   Compiling zerofrom-derive v0.1.7
   Compiling yoke-derive v0.8.2
   Compiling zerovec-derive v0.11.3
   Compiling displaydoc v0.2.5
   Compiling thiserror-impl v1.0.69
   Compiling phf_macros v0.13.1
   Compiling thiserror-impl v2.0.18
   Compiling futures-macro v0.3.32
   Compiling cssparser-macros v0.6.1
   Compiling derive_more-impl v2.1.1
   Compiling enumflags2_derive v0.7.12
   Compiling dlopen2_derive v0.4.3
   Compiling serde_repr v0.1.20
   Compiling serialize-to-javascript-impl v0.1.2
   Compiling tracing-attributes v0.1.31
   Compiling async-recursion v1.1.1
   Compiling async-trait v0.1.89
   Compiling schemars_derive v0.8.22
   Compiling ppv-lite86 v0.2.21
   Compiling phf v0.13.1
   Compiling dlopen2 v0.8.2
   Compiling rand_chacha v0.9.0
   Compiling futures-util v0.3.32
   Compiling zerofrom v0.1.8
   Compiling cssparser v0.36.0
   Compiling rand v0.9.4
   Compiling derive_more v2.1.1
   Compiling yoke v0.8.2
   Compiling tracing v0.1.44
   Compiling zerovec v0.11.6
   Compiling zerotrie v0.2.4
   Compiling polling v3.11.0
   Compiling gethostname v1.1.0
   Compiling tempfile v3.27.0
   Compiling markup5ever v0.38.0
   Compiling html5ever v0.38.0
   Compiling tinystr v0.8.3
   Compiling potential_utf v0.1.5
   Compiling darling_macro v0.23.0
   Compiling icu_collections v2.2.0
   Compiling icu_locale_core v2.2.0
   Compiling darling v0.23.0
   Compiling serde_with_macros v3.20.0
   Compiling async-signal v0.2.14
   Compiling async-process v2.5.0
   Compiling dom_query v0.27.0
   Compiling serde_with v3.20.0
   Compiling x11rb v0.13.2
   Compiling icu_provider v2.2.0
   Compiling icu_properties v2.2.0
   Compiling icu_normalizer v2.2.0
   Compiling futures-executor v0.3.32
   Compiling toml_datetime v0.6.3
   Compiling serde_spanned v0.6.9
   Compiling cargo-platform v0.1.9
   Compiling jsonptr v0.6.3
   Compiling plist v1.9.0
   Compiling cargo_toml v0.22.3
   Compiling zvariant_utils v3.3.1
   Compiling enumflags2 v0.7.12
   Compiling dpi v0.1.2
   Compiling keyboard-types v0.7.0
   Compiling serialize-to-javascript v0.1.2
   Compiling toml_edit v0.20.2
   Compiling toml_edit v0.19.15
   Compiling cargo_metadata v0.19.2
   Compiling json-patch v3.0.1
   Compiling zvariant_derive v5.11.0
   Compiling image v0.25.8
   Compiling idna_adapter v1.2.2
   Compiling idna v1.1.0
   Compiling global-hotkey v0.7.0
   Compiling url v2.5.8
   Compiling zvariant v5.11.0
   Compiling urlpattern v0.3.0
   Compiling proc-macro-crate v1.3.1
   Compiling gtk3-macros v0.18.2
   Compiling toml v0.8.2
   Compiling proc-macro-crate v2.0.2
   Compiling tauri-utils v2.9.2
   Compiling glib-macros v0.18.5
   Compiling system-deps v6.2.2
   Compiling glib-sys v0.18.1
   Compiling gobject-sys v0.18.0
   Compiling gio-sys v0.18.1
   Compiling gdk-sys v0.18.2
   Compiling gdk-pixbuf-sys v0.18.0
   Compiling pango-sys v0.18.0
   Compiling cairo-sys-rs v0.18.2
   Compiling atk-sys v0.18.2
   Compiling gtk-sys v0.18.2
   Compiling soup3-sys v0.5.0
   Compiling javascriptcore-rs-sys v1.1.1
   Compiling webkit2gtk-sys v2.0.2
   Compiling gdkx11-sys v0.18.2
   Compiling zbus_names v4.3.2
   Compiling zbus_macros v5.15.0
   Compiling glib v0.18.5
   Compiling gdkwayland-sys v0.18.2
   Compiling zbus v5.15.0
   Compiling libappindicator-sys v0.9.0
   Compiling tauri-plugin v2.6.2
   Compiling tauri-build v2.6.2
   Compiling tauri-codegen v2.6.2
   Compiling cairo-rs v0.18.5
   Compiling atk v0.18.2
   Compiling javascriptcore-rs v1.1.2
   Compiling notify-rust v4.17.0
   Compiling tauri v2.11.2
   Compiling tauri-macros v2.6.2
   Compiling tauri-plugin-shell v2.3.5
   Compiling tauri-plugin-global-shortcut v2.3.1
   Compiling tauri-plugin-notification v2.3.3
   Compiling tauri-plugin-window-state v2.4.1
   Compiling delez v0.1.0 (/home/user/frontend-delez/apps/web/src-tauri)
   Compiling pango v0.18.3
   Compiling gdk-pixbuf v0.18.5
   Compiling soup3 v0.5.0
   Compiling gdk v0.18.2
   Compiling gdkx11 v0.18.2
   Compiling webkit2gtk v2.0.2
   Compiling muda v0.19.2
   Compiling libappindicator v0.9.0
   Compiling tao v0.35.3
   Compiling tray-icon v0.23.1
    Finished `dev` profile [unoptimized + debuginfo] target(s) in 1m 17s
     Running `target/debug/delez`
Fontconfig error: "/etc/fonts/conf.d/30-win32-aliases.conf", line 1: no element found
Fontconfig error: "/usr/share/fontconfig/conf.avail/30-win32-aliases.conf", line 1: no element found

(delez:59476): Gdk-CRITICAL **: 04:51:06.123: gdk_window_thaw_toplevel_updates: assertion 'window->update_and_descendants_freeze_count > 0' failed
Fontconfig error: "/etc/fonts/conf.d/30-win32-aliases.conf", line 1: no element found
Fontconfig error: "/usr/share/fontconfig/conf.avail/30-win32-aliases.conf", line 1: no element found
[baseline-browser-mapping] The data in this module is over two months old.  To ensure accurate Baseline data, please update: `npm i baseline-browser-mapping@latest -D`
The request url "/home/user/Desktop/Delez/frontend/node_modules/katex/dist/katex.min.css" is outside of Vite serving allow list.

- /home/user/frontend-delez

Refer to docs https://vite.dev/config/server-options.html#server-fs-allow for configurations and more details.

Proxying to: /api/auth/get-session
Proxying to: /api/auth/get-session
Response: 401
Response: 401
